<?xml version="1.0" encoding="UTF-8"?>
<testsuite xmlns:xsi="http://www.w3.org/2001/XMLSchema-instance" xsi:noNamespaceSchemaLocation="https://maven.apache.org/surefire/maven-surefire-plugin/xsd/surefire-test-report.xsd" name="com.mao.VueSpringbootBlogApplicationTests" time="4.58" tests="1" errors="0" skipped="0" failures="0">
  <properties>
    <property name="sun.desktop" value="windows"/>
    <property name="awt.toolkit" value="sun.awt.windows.WToolkit"/>
    <property name="file.encoding.pkg" value="sun.io"/>
    <property name="java.specification.version" value="1.8"/>
    <property name="sun.cpu.isalist" value="amd64"/>
    <property name="sun.jnu.encoding" value="GBK"/>
    <property name="java.class.path" value="E:\soft\Project\Vue-SpringBoot-Blog-master\vue-springboot-blog-java\target\test-classes;E:\soft\Project\Vue-SpringBoot-Blog-master\vue-springboot-blog-java\target\classes;E:\maven\localRepository\io\springfox\springfox-swagger2\2.9.2\springfox-swagger2-2.9.2.jar;E:\maven\localRepository\io\swagger\swagger-annotations\1.5.20\swagger-annotations-1.5.20.jar;E:\maven\localRepository\io\swagger\swagger-models\1.5.20\swagger-models-1.5.20.jar;E:\maven\localRepository\com\fasterxml\jackson\core\jackson-annotations\2.10.3\jackson-annotations-2.10.3.jar;E:\maven\localRepository\io\springfox\springfox-spi\2.9.2\springfox-spi-2.9.2.jar;E:\maven\localRepository\io\springfox\springfox-core\2.9.2\springfox-core-2.9.2.jar;E:\maven\localRepository\io\springfox\springfox-schema\2.9.2\springfox-schema-2.9.2.jar;E:\maven\localRepository\io\springfox\springfox-swagger-common\2.9.2\springfox-swagger-common-2.9.2.jar;E:\maven\localRepository\io\springfox\springfox-spring-web\2.9.2\springfox-spring-web-2.9.2.jar;E:\maven\localRepository\com\google\guava\guava\20.0\guava-20.0.jar;E:\maven\localRepository\com\fasterxml\classmate\1.5.1\classmate-1.5.1.jar;E:\maven\localRepository\org\slf4j\slf4j-api\1.7.30\slf4j-api-1.7.30.jar;E:\maven\localRepository\org\springframework\plugin\spring-plugin-core\1.2.0.RELEASE\spring-plugin-core-1.2.0.RELEASE.jar;E:\maven\localRepository\org\springframework\spring-beans\5.2.5.RELEASE\spring-beans-5.2.5.RELEASE.jar;E:\maven\localRepository\org\springframework\spring-context\5.2.5.RELEASE\spring-context-5.2.5.RELEASE.jar;E:\maven\localRepository\org\springframework\spring-aop\5.2.5.RELEASE\spring-aop-5.2.5.RELEASE.jar;E:\maven\localRepository\org\springframework\plugin\spring-plugin-metadata\1.2.0.RELEASE\spring-plugin-metadata-1.2.0.RELEASE.jar;E:\maven\localRepository\org\mapstruct\mapstruct\1.2.0.Final\mapstruct-1.2.0.Final.jar;E:\maven\localRepository\io\springfox\springfox-swagger-ui\2.9.2\springfox-swagger-ui-2.9.2.jar;E:\maven\localRepository\org\crazycake\shiro-redis-spring-boot-starter\3.2.1\shiro-redis-spring-boot-starter-3.2.1.jar;E:\maven\localRepository\org\springframework\boot\spring-boot-autoconfigure\2.2.6.RELEASE\spring-boot-autoconfigure-2.2.6.RELEASE.jar;E:\maven\localRepository\org\crazycake\shiro-redis\3.2.0\shiro-redis-3.2.0.jar;E:\maven\localRepository\redis\clients\jedis\3.1.0\jedis-3.1.0.jar;E:\maven\localRepository\org\apache\commons\commons-pool2\2.7.0\commons-pool2-2.7.0.jar;E:\maven\localRepository\org\apache\shiro\shiro-core\1.3.2\shiro-core-1.3.2.jar;E:\maven\localRepository\commons-beanutils\commons-beanutils\1.8.3\commons-beanutils-1.8.3.jar;E:\maven\localRepository\com\puppycrawl\tools\checkstyle\8.3\checkstyle-8.3.jar;E:\maven\localRepository\antlr\antlr\2.7.7\antlr-2.7.7.jar;E:\maven\localRepository\org\antlr\antlr4-runtime\4.7\antlr4-runtime-4.7.jar;E:\maven\localRepository\commons-cli\commons-cli\1.4\commons-cli-1.4.jar;E:\maven\localRepository\net\sf\saxon\Saxon-HE\9.8.0-4\Saxon-HE-9.8.0-4.jar;E:\Program Files\Java\jre\..\lib\tools.jar;E:\maven\localRepository\org\apache\shiro\shiro-spring-boot-web-starter\1.4.0-RC2\shiro-spring-boot-web-starter-1.4.0-RC2.jar;E:\maven\localRepository\org\apache\shiro\shiro-spring\1.4.0-RC2\shiro-spring-1.4.0-RC2.jar;E:\maven\localRepository\org\apache\shiro\shiro-web\1.4.0-RC2\shiro-web-1.4.0-RC2.jar;E:\maven\localRepository\cn\hutool\hutool-all\5.3.3\hutool-all-5.3.3.jar;E:\maven\localRepository\io\jsonwebtoken\jjwt\0.9.1\jjwt-0.9.1.jar;E:\maven\localRepository\com\fasterxml\jackson\core\jackson-databind\2.10.3\jackson-databind-2.10.3.jar;E:\maven\localRepository\com\fasterxml\jackson\core\jackson-core\2.10.3\jackson-core-2.10.3.jar;E:\maven\localRepository\com\auth0\java-jwt\3.10.3\java-jwt-3.10.3.jar;E:\maven\localRepository\commons-codec\commons-codec\1.13\commons-codec-1.13.jar;E:\maven\localRepository\com\baomidou\mybatis-plus-boot-starter\3.0.5\mybatis-plus-boot-starter-3.0.5.jar;E:\maven\localRepository\com\baomidou\mybatis-plus\3.0.5\mybatis-plus-3.0.5.jar;E:\maven\localRepository\org\springframework\boot\spring-boot-starter-jdbc\2.2.6.RELEASE\spring-boot-starter-jdbc-2.2.6.RELEASE.jar;E:\maven\localRepository\com\zaxxer\HikariCP\3.4.2\HikariCP-3.4.2.jar;E:\maven\localRepository\org\springframework\spring-jdbc\5.2.5.RELEASE\spring-jdbc-5.2.5.RELEASE.jar;E:\maven\localRepository\org\springframework\spring-tx\5.2.5.RELEASE\spring-tx-5.2.5.RELEASE.jar;E:\maven\localRepository\org\springframework\boot\spring-boot-configuration-processor\2.2.6.RELEASE\spring-boot-configuration-processor-2.2.6.RELEASE.jar;E:\maven\localRepository\org\springframework\boot\spring-boot-starter-freemarker\2.2.6.RELEASE\spring-boot-starter-freemarker-2.2.6.RELEASE.jar;E:\maven\localRepository\org\springframework\boot\spring-boot-starter\2.2.6.RELEASE\spring-boot-starter-2.2.6.RELEASE.jar;E:\maven\localRepository\org\springframework\boot\spring-boot-starter-logging\2.2.6.RELEASE\spring-boot-starter-logging-2.2.6.RELEASE.jar;E:\maven\localRepository\ch\qos\logback\logback-classic\1.2.3\logback-classic-1.2.3.jar;E:\maven\localRepository\ch\qos\logback\logback-core\1.2.3\logback-core-1.2.3.jar;E:\maven\localRepository\org\apache\logging\log4j\log4j-to-slf4j\2.12.1\log4j-to-slf4j-2.12.1.jar;E:\maven\localRepository\org\apache\logging\log4j\log4j-api\2.12.1\log4j-api-2.12.1.jar;E:\maven\localRepository\org\slf4j\jul-to-slf4j\1.7.30\jul-to-slf4j-1.7.30.jar;E:\maven\localRepository\jakarta\annotation\jakarta.annotation-api\1.3.5\jakarta.annotation-api-1.3.5.jar;E:\maven\localRepository\org\yaml\snakeyaml\1.25\snakeyaml-1.25.jar;E:\maven\localRepository\org\freemarker\freemarker\2.3.30\freemarker-2.3.30.jar;E:\maven\localRepository\org\springframework\spring-context-support\5.2.5.RELEASE\spring-context-support-5.2.5.RELEASE.jar;E:\maven\localRepository\mysql\mysql-connector-java\8.0.19\mysql-connector-java-8.0.19.jar;E:\maven\localRepository\com\baomidou\mybatis-plus-generator\3.2.0\mybatis-plus-generator-3.2.0.jar;E:\maven\localRepository\com\baomidou\mybatis-plus-extension\3.2.0\mybatis-plus-extension-3.2.0.jar;E:\maven\localRepository\com\baomidou\mybatis-plus-core\3.2.0\mybatis-plus-core-3.2.0.jar;E:\maven\localRepository\com\baomidou\mybatis-plus-annotation\3.2.0\mybatis-plus-annotation-3.2.0.jar;E:\maven\localRepository\com\github\jsqlparser\jsqlparser\2.1\jsqlparser-2.1.jar;E:\maven\localRepository\org\mybatis\mybatis\3.5.2\mybatis-3.5.2.jar;E:\maven\localRepository\org\mybatis\mybatis-spring\2.0.2\mybatis-spring-2.0.2.jar;E:\maven\localRepository\org\springframework\boot\spring-boot-starter-web\2.2.6.RELEASE\spring-boot-starter-web-2.2.6.RELEASE.jar;E:\maven\localRepository\org\springframework\boot\spring-boot-starter-json\2.2.6.RELEASE\spring-boot-starter-json-2.2.6.RELEASE.jar;E:\maven\localRepository\com\fasterxml\jackson\datatype\jackson-datatype-jdk8\2.10.3\jackson-datatype-jdk8-2.10.3.jar;E:\maven\localRepository\com\fasterxml\jackson\datatype\jackson-datatype-jsr310\2.10.3\jackson-datatype-jsr310-2.10.3.jar;E:\maven\localRepository\com\fasterxml\jackson\module\jackson-module-parameter-names\2.10.3\jackson-module-parameter-names-2.10.3.jar;E:\maven\localRepository\org\springframework\boot\spring-boot-starter-tomcat\2.2.6.RELEASE\spring-boot-starter-tomcat-2.2.6.RELEASE.jar;E:\maven\localRepository\org\apache\tomcat\embed\tomcat-embed-core\9.0.33\tomcat-embed-core-9.0.33.jar;E:\maven\localRepository\org\apache\tomcat\embed\tomcat-embed-el\9.0.33\tomcat-embed-el-9.0.33.jar;E:\maven\localRepository\org\apache\tomcat\embed\tomcat-embed-websocket\9.0.33\tomcat-embed-websocket-9.0.33.jar;E:\maven\localRepository\org\springframework\boot\spring-boot-starter-validation\2.2.6.RELEASE\spring-boot-starter-validation-2.2.6.RELEASE.jar;E:\maven\localRepository\jakarta\validation\jakarta.validation-api\2.0.2\jakarta.validation-api-2.0.2.jar;E:\maven\localRepository\org\hibernate\validator\hibernate-validator\6.0.18.Final\hibernate-validator-6.0.18.Final.jar;E:\maven\localRepository\org\jboss\logging\jboss-logging\3.4.1.Final\jboss-logging-3.4.1.Final.jar;E:\maven\localRepository\org\springframework\spring-web\5.2.5.RELEASE\spring-web-5.2.5.RELEASE.jar;E:\maven\localRepository\org\springframework\spring-webmvc\5.2.5.RELEASE\spring-webmvc-5.2.5.RELEASE.jar;E:\maven\localRepository\org\springframework\spring-expression\5.2.5.RELEASE\spring-expression-5.2.5.RELEASE.jar;E:\maven\localRepository\org\springframework\boot\spring-boot-devtools\2.2.6.RELEASE\spring-boot-devtools-2.2.6.RELEASE.jar;E:\maven\localRepository\org\springframework\boot\spring-boot\2.2.6.RELEASE\spring-boot-2.2.6.RELEASE.jar;E:\maven\localRepository\org\projectlombok\lombok\1.18.12\lombok-1.18.12.jar;E:\maven\localRepository\org\springframework\boot\spring-boot-starter-test\2.2.6.RELEASE\spring-boot-starter-test-2.2.6.RELEASE.jar;E:\maven\localRepository\org\springframework\boot\spring-boot-test\2.2.6.RELEASE\spring-boot-test-2.2.6.RELEASE.jar;E:\maven\localRepository\org\springframework\boot\spring-boot-test-autoconfigure\2.2.6.RELEASE\spring-boot-test-autoconfigure-2.2.6.RELEASE.jar;E:\maven\localRepository\com\jayway\jsonpath\json-path\2.4.0\json-path-2.4.0.jar;E:\maven\localRepository\net\minidev\json-smart\2.3\json-smart-2.3.jar;E:\maven\localRepository\net\minidev\accessors-smart\1.2\accessors-smart-1.2.jar;E:\maven\localRepository\org\ow2\asm\asm\5.0.4\asm-5.0.4.jar;E:\maven\localRepository\jakarta\xml\bind\jakarta.xml.bind-api\2.3.3\jakarta.xml.bind-api-2.3.3.jar;E:\maven\localRepository\jakarta\activation\jakarta.activation-api\1.2.2\jakarta.activation-api-1.2.2.jar;E:\maven\localRepository\org\junit\jupiter\junit-jupiter\5.5.2\junit-jupiter-5.5.2.jar;E:\maven\localRepository\org\junit\jupiter\junit-jupiter-api\5.5.2\junit-jupiter-api-5.5.2.jar;E:\maven\localRepository\org\opentest4j\opentest4j\1.2.0\opentest4j-1.2.0.jar;E:\maven\localRepository\org\junit\platform\junit-platform-commons\1.5.2\junit-platform-commons-1.5.2.jar;E:\maven\localRepository\org\junit\jupiter\junit-jupiter-params\5.5.2\junit-jupiter-params-5.5.2.jar;E:\maven\localRepository\org\junit\jupiter\junit-jupiter-engine\5.5.2\junit-jupiter-engine-5.5.2.jar;E:\maven\localRepository\org\junit\vintage\junit-vintage-engine\5.5.2\junit-vintage-engine-5.5.2.jar;E:\maven\localRepository\org\apiguardian\apiguardian-api\1.1.0\apiguardian-api-1.1.0.jar;E:\maven\localRepository\org\junit\platform\junit-platform-engine\1.5.2\junit-platform-engine-1.5.2.jar;E:\maven\localRepository\junit\junit\4.12\junit-4.12.jar;E:\maven\localRepository\org\mockito\mockito-junit-jupiter\3.1.0\mockito-junit-jupiter-3.1.0.jar;E:\maven\localRepository\org\assertj\assertj-core\3.13.2\assertj-core-3.13.2.jar;E:\maven\localRepository\org\hamcrest\hamcrest\2.1\hamcrest-2.1.jar;E:\maven\localRepository\org\mockito\mockito-core\3.1.0\mockito-core-3.1.0.jar;E:\maven\localRepository\net\bytebuddy\byte-buddy\1.10.8\byte-buddy-1.10.8.jar;E:\maven\localRepository\net\bytebuddy\byte-buddy-agent\1.10.8\byte-buddy-agent-1.10.8.jar;E:\maven\localRepository\org\objenesis\objenesis\2.6\objenesis-2.6.jar;E:\maven\localRepository\org\skyscreamer\jsonassert\1.5.0\jsonassert-1.5.0.jar;E:\maven\localRepository\com\vaadin\external\google\android-json\0.0.20131108.vaadin1\android-json-0.0.20131108.vaadin1.jar;E:\maven\localRepository\org\springframework\spring-core\5.2.5.RELEASE\spring-core-5.2.5.RELEASE.jar;E:\maven\localRepository\org\springframework\spring-jcl\5.2.5.RELEASE\spring-jcl-5.2.5.RELEASE.jar;E:\maven\localRepository\org\springframework\spring-test\5.2.5.RELEASE\spring-test-5.2.5.RELEASE.jar;E:\maven\localRepository\org\xmlunit\xmlunit-core\2.6.4\xmlunit-core-2.6.4.jar;"/>
    <property name="java.vm.vendor" value="Oracle Corporation"/>
    <property name="sun.arch.data.model" value="64"/>
    <property name="user.variant" value=""/>
    <property name="java.vendor.url" value="http://java.oracle.com/"/>
    <property name="user.timezone" value="Asia/Shanghai"/>
    <property name="java.vm.specification.version" value="1.8"/>
    <property name="os.name" value="Windows 10"/>
    <property name="user.country" value="CN"/>
    <property name="sun.java.launcher" value="SUN_STANDARD"/>
    <property name="sun.boot.library.path" value="E:\Program Files\Java\jre\bin"/>
    <property name="sun.java.command" value="C:\Users\Hasee\AppData\Local\Temp\surefire1422504142551381949\surefirebooter7394922572193059943.jar C:\Users\Hasee\AppData\Local\Temp\surefire1422504142551381949 2021-09-22T18-06-39_241-jvmRun1 surefire5519348158508907682tmp surefire_01065435939671158044tmp"/>
    <property name="surefire.test.class.path" value="E:\soft\Project\Vue-SpringBoot-Blog-master\vue-springboot-blog-java\target\test-classes;E:\soft\Project\Vue-SpringBoot-Blog-master\vue-springboot-blog-java\target\classes;E:\maven\localRepository\io\springfox\springfox-swagger2\2.9.2\springfox-swagger2-2.9.2.jar;E:\maven\localRepository\io\swagger\swagger-annotations\1.5.20\swagger-annotations-1.5.20.jar;E:\maven\localRepository\io\swagger\swagger-models\1.5.20\swagger-models-1.5.20.jar;E:\maven\localRepository\com\fasterxml\jackson\core\jackson-annotations\2.10.3\jackson-annotations-2.10.3.jar;E:\maven\localRepository\io\springfox\springfox-spi\2.9.2\springfox-spi-2.9.2.jar;E:\maven\localRepository\io\springfox\springfox-core\2.9.2\springfox-core-2.9.2.jar;E:\maven\localRepository\io\springfox\springfox-schema\2.9.2\springfox-schema-2.9.2.jar;E:\maven\localRepository\io\springfox\springfox-swagger-common\2.9.2\springfox-swagger-common-2.9.2.jar;E:\maven\localRepository\io\springfox\springfox-spring-web\2.9.2\springfox-spring-web-2.9.2.jar;E:\maven\localRepository\com\google\guava\guava\20.0\guava-20.0.jar;E:\maven\localRepository\com\fasterxml\classmate\1.5.1\classmate-1.5.1.jar;E:\maven\localRepository\org\slf4j\slf4j-api\1.7.30\slf4j-api-1.7.30.jar;E:\maven\localRepository\org\springframework\plugin\spring-plugin-core\1.2.0.RELEASE\spring-plugin-core-1.2.0.RELEASE.jar;E:\maven\localRepository\org\springframework\spring-beans\5.2.5.RELEASE\spring-beans-5.2.5.RELEASE.jar;E:\maven\localRepository\org\springframework\spring-context\5.2.5.RELEASE\spring-context-5.2.5.RELEASE.jar;E:\maven\localRepository\org\springframework\spring-aop\5.2.5.RELEASE\spring-aop-5.2.5.RELEASE.jar;E:\maven\localRepository\org\springframework\plugin\spring-plugin-metadata\1.2.0.RELEASE\spring-plugin-metadata-1.2.0.RELEASE.jar;E:\maven\localRepository\org\mapstruct\mapstruct\1.2.0.Final\mapstruct-1.2.0.Final.jar;E:\maven\localRepository\io\springfox\springfox-swagger-ui\2.9.2\springfox-swagger-ui-2.9.2.jar;E:\maven\localRepository\org\crazycake\shiro-redis-spring-boot-starter\3.2.1\shiro-redis-spring-boot-starter-3.2.1.jar;E:\maven\localRepository\org\springframework\boot\spring-boot-autoconfigure\2.2.6.RELEASE\spring-boot-autoconfigure-2.2.6.RELEASE.jar;E:\maven\localRepository\org\crazycake\shiro-redis\3.2.0\shiro-redis-3.2.0.jar;E:\maven\localRepository\redis\clients\jedis\3.1.0\jedis-3.1.0.jar;E:\maven\localRepository\org\apache\commons\commons-pool2\2.7.0\commons-pool2-2.7.0.jar;E:\maven\localRepository\org\apache\shiro\shiro-core\1.3.2\shiro-core-1.3.2.jar;E:\maven\localRepository\commons-beanutils\commons-beanutils\1.8.3\commons-beanutils-1.8.3.jar;E:\maven\localRepository\com\puppycrawl\tools\checkstyle\8.3\checkstyle-8.3.jar;E:\maven\localRepository\antlr\antlr\2.7.7\antlr-2.7.7.jar;E:\maven\localRepository\org\antlr\antlr4-runtime\4.7\antlr4-runtime-4.7.jar;E:\maven\localRepository\commons-cli\commons-cli\1.4\commons-cli-1.4.jar;E:\maven\localRepository\net\sf\saxon\Saxon-HE\9.8.0-4\Saxon-HE-9.8.0-4.jar;E:\Program Files\Java\jre\..\lib\tools.jar;E:\maven\localRepository\org\apache\shiro\shiro-spring-boot-web-starter\1.4.0-RC2\shiro-spring-boot-web-starter-1.4.0-RC2.jar;E:\maven\localRepository\org\apache\shiro\shiro-spring\1.4.0-RC2\shiro-spring-1.4.0-RC2.jar;E:\maven\localRepository\org\apache\shiro\shiro-web\1.4.0-RC2\shiro-web-1.4.0-RC2.jar;E:\maven\localRepository\cn\hutool\hutool-all\5.3.3\hutool-all-5.3.3.jar;E:\maven\localRepository\io\jsonwebtoken\jjwt\0.9.1\jjwt-0.9.1.jar;E:\maven\localRepository\com\fasterxml\jackson\core\jackson-databind\2.10.3\jackson-databind-2.10.3.jar;E:\maven\localRepository\com\fasterxml\jackson\core\jackson-core\2.10.3\jackson-core-2.10.3.jar;E:\maven\localRepository\com\auth0\java-jwt\3.10.3\java-jwt-3.10.3.jar;E:\maven\localRepository\commons-codec\commons-codec\1.13\commons-codec-1.13.jar;E:\maven\localRepository\com\baomidou\mybatis-plus-boot-starter\3.0.5\mybatis-plus-boot-starter-3.0.5.jar;E:\maven\localRepository\com\baomidou\mybatis-plus\3.0.5\mybatis-plus-3.0.5.jar;E:\maven\localRepository\org\springframework\boot\spring-boot-starter-jdbc\2.2.6.RELEASE\spring-boot-starter-jdbc-2.2.6.RELEASE.jar;E:\maven\localRepository\com\zaxxer\HikariCP\3.4.2\HikariCP-3.4.2.jar;E:\maven\localRepository\org\springframework\spring-jdbc\5.2.5.RELEASE\spring-jdbc-5.2.5.RELEASE.jar;E:\maven\localRepository\org\springframework\spring-tx\5.2.5.RELEASE\spring-tx-5.2.5.RELEASE.jar;E:\maven\localRepository\org\springframework\boot\spring-boot-configuration-processor\2.2.6.RELEASE\spring-boot-configuration-processor-2.2.6.RELEASE.jar;E:\maven\localRepository\org\springframework\boot\spring-boot-starter-freemarker\2.2.6.RELEASE\spring-boot-starter-freemarker-2.2.6.RELEASE.jar;E:\maven\localRepository\org\springframework\boot\spring-boot-starter\2.2.6.RELEASE\spring-boot-starter-2.2.6.RELEASE.jar;E:\maven\localRepository\org\springframework\boot\spring-boot-starter-logging\2.2.6.RELEASE\spring-boot-starter-logging-2.2.6.RELEASE.jar;E:\maven\localRepository\ch\qos\logback\logback-classic\1.2.3\logback-classic-1.2.3.jar;E:\maven\localRepository\ch\qos\logback\logback-core\1.2.3\logback-core-1.2.3.jar;E:\maven\localRepository\org\apache\logging\log4j\log4j-to-slf4j\2.12.1\log4j-to-slf4j-2.12.1.jar;E:\maven\localRepository\org\apache\logging\log4j\log4j-api\2.12.1\log4j-api-2.12.1.jar;E:\maven\localRepository\org\slf4j\jul-to-slf4j\1.7.30\jul-to-slf4j-1.7.30.jar;E:\maven\localRepository\jakarta\annotation\jakarta.annotation-api\1.3.5\jakarta.annotation-api-1.3.5.jar;E:\maven\localRepository\org\yaml\snakeyaml\1.25\snakeyaml-1.25.jar;E:\maven\localRepository\org\freemarker\freemarker\2.3.30\freemarker-2.3.30.jar;E:\maven\localRepository\org\springframework\spring-context-support\5.2.5.RELEASE\spring-context-support-5.2.5.RELEASE.jar;E:\maven\localRepository\mysql\mysql-connector-java\8.0.19\mysql-connector-java-8.0.19.jar;E:\maven\localRepository\com\baomidou\mybatis-plus-generator\3.2.0\mybatis-plus-generator-3.2.0.jar;E:\maven\localRepository\com\baomidou\mybatis-plus-extension\3.2.0\mybatis-plus-extension-3.2.0.jar;E:\maven\localRepository\com\baomidou\mybatis-plus-core\3.2.0\mybatis-plus-core-3.2.0.jar;E:\maven\localRepository\com\baomidou\mybatis-plus-annotation\3.2.0\mybatis-plus-annotation-3.2.0.jar;E:\maven\localRepository\com\github\jsqlparser\jsqlparser\2.1\jsqlparser-2.1.jar;E:\maven\localRepository\org\mybatis\mybatis\3.5.2\mybatis-3.5.2.jar;E:\maven\localRepository\org\mybatis\mybatis-spring\2.0.2\mybatis-spring-2.0.2.jar;E:\maven\localRepository\org\springframework\boot\spring-boot-starter-web\2.2.6.RELEASE\spring-boot-starter-web-2.2.6.RELEASE.jar;E:\maven\localRepository\org\springframework\boot\spring-boot-starter-json\2.2.6.RELEASE\spring-boot-starter-json-2.2.6.RELEASE.jar;E:\maven\localRepository\com\fasterxml\jackson\datatype\jackson-datatype-jdk8\2.10.3\jackson-datatype-jdk8-2.10.3.jar;E:\maven\localRepository\com\fasterxml\jackson\datatype\jackson-datatype-jsr310\2.10.3\jackson-datatype-jsr310-2.10.3.jar;E:\maven\localRepository\com\fasterxml\jackson\module\jackson-module-parameter-names\2.10.3\jackson-module-parameter-names-2.10.3.jar;E:\maven\localRepository\org\springframework\boot\spring-boot-starter-tomcat\2.2.6.RELEASE\spring-boot-starter-tomcat-2.2.6.RELEASE.jar;E:\maven\localRepository\org\apache\tomcat\embed\tomcat-embed-core\9.0.33\tomcat-embed-core-9.0.33.jar;E:\maven\localRepository\org\apache\tomcat\embed\tomcat-embed-el\9.0.33\tomcat-embed-el-9.0.33.jar;E:\maven\localRepository\org\apache\tomcat\embed\tomcat-embed-websocket\9.0.33\tomcat-embed-websocket-9.0.33.jar;E:\maven\localRepository\org\springframework\boot\spring-boot-starter-validation\2.2.6.RELEASE\spring-boot-starter-validation-2.2.6.RELEASE.jar;E:\maven\localRepository\jakarta\validation\jakarta.validation-api\2.0.2\jakarta.validation-api-2.0.2.jar;E:\maven\localRepository\org\hibernate\validator\hibernate-validator\6.0.18.Final\hibernate-validator-6.0.18.Final.jar;E:\maven\localRepository\org\jboss\logging\jboss-logging\3.4.1.Final\jboss-logging-3.4.1.Final.jar;E:\maven\localRepository\org\springframework\spring-web\5.2.5.RELEASE\spring-web-5.2.5.RELEASE.jar;E:\maven\localRepository\org\springframework\spring-webmvc\5.2.5.RELEASE\spring-webmvc-5.2.5.RELEASE.jar;E:\maven\localRepository\org\springframework\spring-expression\5.2.5.RELEASE\spring-expression-5.2.5.RELEASE.jar;E:\maven\localRepository\org\springframework\boot\spring-boot-devtools\2.2.6.RELEASE\spring-boot-devtools-2.2.6.RELEASE.jar;E:\maven\localRepository\org\springframework\boot\spring-boot\2.2.6.RELEASE\spring-boot-2.2.6.RELEASE.jar;E:\maven\localRepository\org\projectlombok\lombok\1.18.12\lombok-1.18.12.jar;E:\maven\localRepository\org\springframework\boot\spring-boot-starter-test\2.2.6.RELEASE\spring-boot-starter-test-2.2.6.RELEASE.jar;E:\maven\localRepository\org\springframework\boot\spring-boot-test\2.2.6.RELEASE\spring-boot-test-2.2.6.RELEASE.jar;E:\maven\localRepository\org\springframework\boot\spring-boot-test-autoconfigure\2.2.6.RELEASE\spring-boot-test-autoconfigure-2.2.6.RELEASE.jar;E:\maven\localRepository\com\jayway\jsonpath\json-path\2.4.0\json-path-2.4.0.jar;E:\maven\localRepository\net\minidev\json-smart\2.3\json-smart-2.3.jar;E:\maven\localRepository\net\minidev\accessors-smart\1.2\accessors-smart-1.2.jar;E:\maven\localRepository\org\ow2\asm\asm\5.0.4\asm-5.0.4.jar;E:\maven\localRepository\jakarta\xml\bind\jakarta.xml.bind-api\2.3.3\jakarta.xml.bind-api-2.3.3.jar;E:\maven\localRepository\jakarta\activation\jakarta.activation-api\1.2.2\jakarta.activation-api-1.2.2.jar;E:\maven\localRepository\org\junit\jupiter\junit-jupiter\5.5.2\junit-jupiter-5.5.2.jar;E:\maven\localRepository\org\junit\jupiter\junit-jupiter-api\5.5.2\junit-jupiter-api-5.5.2.jar;E:\maven\localRepository\org\opentest4j\opentest4j\1.2.0\opentest4j-1.2.0.jar;E:\maven\localRepository\org\junit\platform\junit-platform-commons\1.5.2\junit-platform-commons-1.5.2.jar;E:\maven\localRepository\org\junit\jupiter\junit-jupiter-params\5.5.2\junit-jupiter-params-5.5.2.jar;E:\maven\localRepository\org\junit\jupiter\junit-jupiter-engine\5.5.2\junit-jupiter-engine-5.5.2.jar;E:\maven\localRepository\org\junit\vintage\junit-vintage-engine\5.5.2\junit-vintage-engine-5.5.2.jar;E:\maven\localRepository\org\apiguardian\apiguardian-api\1.1.0\apiguardian-api-1.1.0.jar;E:\maven\localRepository\org\junit\platform\junit-platform-engine\1.5.2\junit-platform-engine-1.5.2.jar;E:\maven\localRepository\junit\junit\4.12\junit-4.12.jar;E:\maven\localRepository\org\mockito\mockito-junit-jupiter\3.1.0\mockito-junit-jupiter-3.1.0.jar;E:\maven\localRepository\org\assertj\assertj-core\3.13.2\assertj-core-3.13.2.jar;E:\maven\localRepository\org\hamcrest\hamcrest\2.1\hamcrest-2.1.jar;E:\maven\localRepository\org\mockito\mockito-core\3.1.0\mockito-core-3.1.0.jar;E:\maven\localRepository\net\bytebuddy\byte-buddy\1.10.8\byte-buddy-1.10.8.jar;E:\maven\localRepository\net\bytebuddy\byte-buddy-agent\1.10.8\byte-buddy-agent-1.10.8.jar;E:\maven\localRepository\org\objenesis\objenesis\2.6\objenesis-2.6.jar;E:\maven\localRepository\org\skyscreamer\jsonassert\1.5.0\jsonassert-1.5.0.jar;E:\maven\localRepository\com\vaadin\external\google\android-json\0.0.20131108.vaadin1\android-json-0.0.20131108.vaadin1.jar;E:\maven\localRepository\org\springframework\spring-core\5.2.5.RELEASE\spring-core-5.2.5.RELEASE.jar;E:\maven\localRepository\org\springframework\spring-jcl\5.2.5.RELEASE\spring-jcl-5.2.5.RELEASE.jar;E:\maven\localRepository\org\springframework\spring-test\5.2.5.RELEASE\spring-test-5.2.5.RELEASE.jar;E:\maven\localRepository\org\xmlunit\xmlunit-core\2.6.4\xmlunit-core-2.6.4.jar;"/>
    <property name="sun.cpu.endian" value="little"/>
    <property name="user.home" value="C:\Users\Hasee"/>
    <property name="user.language" value="zh"/>
    <property name="java.specification.vendor" value="Oracle Corporation"/>
    <property name="java.home" value="E:\Program Files\Java\jre"/>
    <property name="basedir" value="E:\soft\Project\Vue-SpringBoot-Blog-master\vue-springboot-blog-java"/>
    <property name="file.separator" value="\"/>
    <property name="line.separator" value="&#10;"/>
    <property name="java.vm.specification.vendor" value="Oracle Corporation"/>
    <property name="java.specification.name" value="Java Platform API Specification"/>
    <property name="java.awt.graphicsenv" value="sun.awt.Win32GraphicsEnvironment"/>
    <property name="surefire.real.class.path" value="C:\Users\Hasee\AppData\Local\Temp\surefire1422504142551381949\surefirebooter7394922572193059943.jar"/>
    <property name="sun.boot.class.path" value="E:\Program Files\Java\jre\lib\resources.jar;E:\Program Files\Java\jre\lib\rt.jar;E:\Program Files\Java\jre\lib\sunrsasign.jar;E:\Program Files\Java\jre\lib\jsse.jar;E:\Program Files\Java\jre\lib\jce.jar;E:\Program Files\Java\jre\lib\charsets.jar;E:\Program Files\Java\jre\lib\jfr.jar;E:\Program Files\Java\jre\classes"/>
    <property name="user.script" value=""/>
    <property name="sun.management.compiler" value="HotSpot 64-Bit Tiered Compilers"/>
    <property name="java.runtime.version" value="1.8.0_301-b09"/>
    <property name="user.name" value="Hasee"/>
    <property name="path.separator" value=";"/>
    <property name="os.version" value="10.0"/>
    <property name="java.endorsed.dirs" value="E:\Program Files\Java\jre\lib\endorsed"/>
    <property name="java.runtime.name" value="Java(TM) SE Runtime Environment"/>
    <property name="file.encoding" value="GBK"/>
    <property name="java.vm.name" value="Java HotSpot(TM) 64-Bit Server VM"/>
    <property name="localRepository" value="E:\maven\localRepository"/>
    <property name="java.vendor.url.bug" value="http://bugreport.sun.com/bugreport/"/>
    <property name="java.io.tmpdir" value="C:\Users\Hasee\AppData\Local\Temp\"/>
    <property name="idea.version" value="2020.3.2"/>
    <property name="java.version" value="1.8.0_301"/>
    <property name="user.dir" value="E:\soft\Project\Vue-SpringBoot-Blog-master\vue-springboot-blog-java"/>
    <property name="os.arch" value="amd64"/>
    <property name="java.vm.specification.name" value="Java Virtual Machine Specification"/>
    <property name="java.awt.printerjob" value="sun.awt.windows.WPrinterJob"/>
    <property name="sun.os.patch.level" value=""/>
    <property name="java.library.path" value="E:\Program Files\Java\jre\bin;C:\WINDOWS\Sun\Java\bin;C:\WINDOWS\system32;C:\WINDOWS;E:\Program Files\Java\bin;E:\Program Files\Java\jre\bin;C:\Program Files (x86)\Common Files\Oracle\Java\javapath;C:\WINDOWS\system32;C:\WINDOWS;C:\WINDOWS\System32\Wbem;C:\WINDOWS\System32\WindowsPowerShell\v1.0\;C:\WINDOWS\System32\OpenSSH\;E:\soft\mysql\mysql-5.7.19-winx64\bin;C:\ProgramData\chocolatey\bin;E:\Program Files\node\;E:\Program Files\Xshell\;E:\Program Files\Xftp\;C:\Users\Hasee\AppData\Local\Microsoft\WindowsApps;C:\Users\Hasee\AppData\Roaming\npm;;."/>
    <property name="java.vm.info" value="mixed mode"/>
    <property name="java.vendor" value="Oracle Corporation"/>
    <property name="java.vm.version" value="25.301-b09"/>
    <property name="java.ext.dirs" value="E:\Program Files\Java\jre\lib\ext;C:\WINDOWS\Sun\Java\lib\ext"/>
    <property name="sun.io.unicode.encoding" value="UnicodeLittle"/>
    <property name="java.class.version" value="52.0"/>
  </properties>
  <testcase name="contextLoads" classname="com.mao.VueSpringbootBlogApplicationTests" time="0.209"/>
</testsuite>